  DX-Y.NYB: $101.58
==================================================
Compute Economy — Market Assessment Engine
==================================================
Loaded 29 data points from timeseries

✅ Assessment saved: /Users/cadmusyiu/.openclaw/workspace/references/compute-economy/ASSESSMENT.md

==================================================
# 🔍 Compute Economy Assessment
> Generated: 2026-06-25 07:00 UTC
> Data points: 29 days
## 📊 Summary
**Regime:** GLUT | *Supply glut — H100 $0.97/hr (below $1.50 warn)*

**Trend:** ⚪ FLAT

## ⚠️ Active Alerts
- 🟡 **🟡 Supply Glut**: $0.97/hr below warning threshold $1.5/hr
## 📈 Key Indicators

| Indicator | Value | Status |
|:----------|:------|:------|
| H100 Spot | $0.97/hr | 🔴 Glut |
| GPU Listings | 5,213 | — |
| NVDA | $199.00 | — |
| Bitcoin | $61,636.40 | — |

## 📝 Narrative

H100 spot at 
...
/Users/cadmusyiu/Library/Python/3.9/lib/python/site-packages/urllib3/__init__.py:35: NotOpenSSLWarning: urllib3 v2 only supports OpenSSL 1.1.1+, currently the 'ssl' module is compiled with 'LibreSSL 2.8.3'. See: https://github.com/urllib3/urllib3/issues/3020
  warnings.warn(
============================================================
GPU Correlation Matrix Builder
============================================================

[1-4] Fetching 500-day history from Yahoo Finance...
  Fetching NVDA (500d)...
  Got 500 data points for NVDA
  Fetching BTC-USD (500d)...
  Got 500 data points for BTC-USD
  Fetching DX-Y.NYB (500d)...
  Got 412 data points for DX-Y.NYB
  Fetching NG=F (500d)...
  Got 412 data points for NG=F

[5] Computing correlations...
  Aligned 343 common trading days across all 4 assets

  Correlation Matrix:
              NVDA   BTC-USD  DX-Y.NYB      NG=F
NVDA      1.000000 -0.183362 -0.544472 -0.225862
BTC-USD  -0.183362  1.000000 -0.172397  0.043328
DX-Y.NYB -0.544472 -0.172397  1.000000  0.263494
NG=F     -0.225862  0.043328  0.263494  1.000000

[6] Generating plots...
  Saved /Users/cadmusyiu/.openclaw/workspace/references/compute-economy/dashboard/plots/nvda_btc_overlay.png
  Saved /Users/cadmusyiu/.openclaw/workspace/references/compute-economy/dashboard/plots/nvda_btc_correlation.png
  Saved /Users/cadmusyiu/.openclaw/workspace/references/compute-economy/dashboard/plots/nvda_btc_correlation.html
  Saved /Users/cadmusyiu/.openclaw/workspace/references/compute-economy/dashboard/plots/nvda_dxy_overlay.png
  Saved /Users/cadmusyiu/.openclaw/workspace/references/compute-economy/dashboard/plots/nvda_dxy_correlation.png
  Saved /Users/cadmusyiu/.openclaw/workspace/references/compute-economy/dashboard/plots/nvda_dxy_correlation.html
  Saved /Users/cadmusyiu/.openclaw/workspace/references/compute-economy/dashboard/plots/correlation_heatmap.png
  Saved /Users/cadmusyiu/.openclaw/workspace/references/compute-economy/dashboard/plots/correlation_heatmap.html
  Saved /Users/cadmusyiu/.openclaw/workspace/references/compute-economy/dashboard/plots/nvda_500d_trend.png
  Saved /Users/cadmusyiu/.openclaw/workspace/references/compute-economy/dashboard/plots/nvda_500d_trend.html

[7] Saving correlation matrix JSON...
  Saved /Users/cadmusyiu/.openclaw/workspace/references/compute-economy/raw_data/correlation_matrix.json
  Saved /Users/cadmusyiu/.openclaw/workspace/references/compute-economy/raw_data/nvda_500d_prices.json

============================================================
✅ Build complete!
   Aligned data points: 343
   Correlation matrix saved to: raw_data/correlation_matrix.json
   Plots saved to: dashboard/plots/
============================================================

--- SUMMARY ---
{
  "computed_at": "2026-06-25T07:00Z",
  "period_days": 500,
  "data_points": 343,
  "correlations": {
    "NVDA_vs_BTC-USD": -0.1834,
    "NVDA_vs_DX-Y.NYB": -0.5445,
    "NVDA_vs_NG=F": -0.2259,
    "BTC-USD_vs_DX-Y.NYB": -0.1724,
    "BTC-USD_vs_NG=F": 0.0433,
    "DX-Y.NYB_vs_NG=F": 0.2635
  }
}
--- END SUMMARY ---
  ✅ Data committed to git
  ✅ Pushed to origin main
[2026-06-25 15:00:26] Collection complete (exit: 0).

[2026-06-25 21:00:01] Starting GPU data collection...
==================================================
Compute Economy Daily Collector — 2026-06-25 21:00 UTC
==================================================

📡 Fetching GPU Tracker...
  ✅ Saved: /Users/cadmusyiu/.openclaw/workspace/references/compute-economy/raw_data/gputracker_2026-06-25.json

📈 Fetching YFinance tickers...
  ✅ Saved: /Users/cadmusyiu/.openclaw/workspace/references/compute-economy/raw_data/yfinance_2026-06-25.json

📝 Fetching SemiAnalysis article...
  ⚠️  SemiAnalysis fetch error: HTTP Error 404: Not Found
  ✅ Saved: /Users/cadmusyiu/.openclaw/workspace/references/compute-economy/raw_data/semianalysis_2026-06-25.md
  ✅ Timeseries appended: /Users/cadmusyiu/.openclaw/workspace/references/compute-economy/gpu_price_timeseries.csv

==================================================
✅ Daily collection complete!
==================================================

📊 Quick Summary:
  H100 Avg Spot: $0.97/hr
  Total Listings: 5213
  NVDA: $199.00
  BTC-USD: $61139.12
  GC=F: $4029.10
  NG=F: $3.33
  DX-Y.NYB: $101.55
==================================================
Compute Economy — Market Assessment Engine
==================================================
Loaded 30 data points from timeseries

✅ Assessment saved: /Users/cadmusyiu/.openclaw/workspace/references/compute-economy/ASSESSMENT.md

==================================================
# 🔍 Compute Economy Assessment
> Generated: 2026-06-25 13:00 UTC
> Data points: 30 days
## 📊 Summary
**Regime:** GLUT | *Supply glut — H100 $0.97/hr (below $1.50 warn)*

**Trend:** 🔴 FALLING (-0.5714/day)

## ⚠️ Active Alerts
- 🟡 **🟡 Supply Glut**: $0.97/hr below warning threshold $1.5/hr
## 📈 Key Indicators

| Indicator | Value | Status |
|:----------|:------|:------|
| H100 Spot | $0.97/hr | 🔴 Glut |
| GPU Listings | 5,213 | — |
| NVDA | $199.00 | — |
| Bitcoin | $61,139.12 | — |

## 📝 Narrati
...
/Users/cadmusyiu/Library/Python/3.9/lib/python/site-packages/urllib3/__init__.py:35: NotOpenSSLWarning: urllib3 v2 only supports OpenSSL 1.1.1+, currently the 'ssl' module is compiled with 'LibreSSL 2.8.3'. See: https://github.com/urllib3/urllib3/issues/3020
  warnings.warn(
============================================================
GPU Correlation Matrix Builder
============================================================

[1-4] Fetching 500-day history from Yahoo Finance...
  Fetching NVDA (500d)...
  Got 500 data points for NVDA
  Fetching BTC-USD (500d)...
  Got 500 data points for BTC-USD
  Fetching DX-Y.NYB (500d)...
  Got 412 data points for DX-Y.NYB
  Fetching NG=F (500d)...
  Got 412 data points for NG=F

[5] Computing correlations...
  Aligned 343 common trading days across all 4 assets

  Correlation Matrix:
              NVDA   BTC-USD  DX-Y.NYB      NG=F
NVDA      1.000000 -0.183362 -0.544472 -0.225862
BTC-USD  -0.183362  1.000000 -0.172397  0.043328
DX-Y.NYB -0.544472 -0.172397  1.000000  0.263494
NG=F     -0.225862  0.043328  0.263494  1.000000

[6] Generating plots...
  Saved /Users/cadmusyiu/.openclaw/workspace/references/compute-economy/dashboard/plots/nvda_btc_overlay.png
  Saved /Users/cadmusyiu/.openclaw/workspace/references/compute-economy/dashboard/plots/nvda_btc_correlation.png
  Saved /Users/cadmusyiu/.openclaw/workspace/references/compute-economy/dashboard/plots/nvda_btc_correlation.html
  Saved /Users/cadmusyiu/.openclaw/workspace/references/compute-economy/dashboard/plots/nvda_dxy_overlay.png
  Saved /Users/cadmusyiu/.openclaw/workspace/references/compute-economy/dashboard/plots/nvda_dxy_correlation.png
  Saved /Users/cadmusyiu/.openclaw/workspace/references/compute-economy/dashboard/plots/nvda_dxy_correlation.html
  Saved /Users/cadmusyiu/.openclaw/workspace/references/compute-economy/dashboard/plots/correlation_heatmap.png
  Saved /Users/cadmusyiu/.openclaw/workspace/references/compute-economy/dashboard/plots/correlation_heatmap.html
  Saved /Users/cadmusyiu/.openclaw/workspace/references/compute-economy/dashboard/plots/nvda_500d_trend.png
  Saved /Users/cadmusyiu/.openclaw/workspace/references/compute-economy/dashboard/plots/nvda_500d_trend.html

[7] Saving correlation matrix JSON...
  Saved /Users/cadmusyiu/.openclaw/workspace/references/compute-economy/raw_data/correlation_matrix.json
  Saved /Users/cadmusyiu/.openclaw/workspace/references/compute-economy/raw_data/nvda_500d_prices.json

============================================================
✅ Build complete!
   Aligned data points: 343
   Correlation matrix saved to: raw_data/correlation_matrix.json
   Plots saved to: dashboard/plots/
============================================================

--- SUMMARY ---
{
  "computed_at": "2026-06-25T13:00Z",
  "period_days": 500,
  "data_points": 343,
  "correlations": {
    "NVDA_vs_BTC-USD": -0.1834,
    "NVDA_vs_DX-Y.NYB": -0.5445,
    "NVDA_vs_NG=F": -0.2259,
    "BTC-USD_vs_DX-Y.NYB": -0.1724,
    "BTC-USD_vs_NG=F": 0.0433,
    "DX-Y.NYB_vs_NG=F": 0.2635
  }
}
--- END SUMMARY ---
